<?xml version="1.0" encoding="UTF-8"?>
<!-- Generated by org.testng.reporters.JUnitReportReporter -->
<testsuite hostname="Anish" failures="0" tests="1" name="Tiwary123.Parma123.TestCustomer" time="31.930" errors="0" timestamp="2025-01-30T09:53:22 IST" skipped="0">
  <testcase classname="Tiwary123.Parma123.TestCustomer" name="Tiwary567" time="31.930"/>
  <system-out/>
</testsuite> <!-- Tiwary123.Parma123.TestCustomer -->
